digraph code {
	graph [bgcolor=white fontname="Courier" splines="ortho"];
	node [fillcolor=gray style=filled shape=box];
	edge [arrowhead="normal"];
	"0x0000cbcc" -> "0x0000d942" [label="fcn.0000d942" color="green" URL="fcn.0000d942/0x0000d942"];
	"0x0000d942" [label="fcn.0000d942" URL="fcn.0000d942/0x0000d942"];
	"0x0000cbcc" -> "0x0000d3df" [label="fcn.0000d3df" color="green" URL="fcn.0000d3df/0x0000d3df"];
	"0x0000d3df" [label="fcn.0000d3df" URL="fcn.0000d3df/0x0000d3df"];
	"0x0000cbcc" -> "0x0000cd31" [label="fcn.0000cd31" color="green" URL="fcn.0000cd31/0x0000cd31"];
	"0x0000cd31" [label="fcn.0000cd31" URL="fcn.0000cd31/0x0000cd31"];
	"0x0000cbcc" -> "0x0000cc19" [label="fcn.0000cc19" color="green" URL="fcn.0000cc19/0x0000cc19"];
	"0x0000cc19" [label="fcn.0000cc19" URL="fcn.0000cc19/0x0000cc19"];
	"0x0000cbcc" -> "0x0000e0b0" [label="fcn.0000e0b0" color="green" URL="fcn.0000e0b0/0x0000e0b0"];
	"0x0000e0b0" [label="fcn.0000e0b0" URL="fcn.0000e0b0/0x0000e0b0"];
	"0x0000cbcc" -> "0x00008010" [label="fcn.00008010" color="green" URL="fcn.00008010/0x00008010"];
	"0x00008010" [label="fcn.00008010" URL="fcn.00008010/0x00008010"];
	"0x0000cbcc" -> "0x0000dbc3" [label="fcn.0000dbc3" color="green" URL="fcn.0000dbc3/0x0000dbc3"];
	"0x0000dbc3" [label="fcn.0000dbc3" URL="fcn.0000dbc3/0x0000dbc3"];
	"0x0000cbcc" -> "0x00008010" [label="fcn.00008010" color="green" URL="fcn.00008010/0x00008010"];
	"0x00008010" [label="fcn.00008010" URL="fcn.00008010/0x00008010"];
	"0x0000cbcc" -> "0x00000110" [label="fcn.00000110" color="green" URL="fcn.00000110/0x00000110"];
	"0x00000110" [label="fcn.00000110" URL="fcn.00000110/0x00000110"];
	"0x0000cbcc" -> "0x0000f7d6" [label="fcn.0000f7d6" color="green" URL="fcn.0000f7d6/0x0000f7d6"];
	"0x0000f7d6" [label="fcn.0000f7d6" URL="fcn.0000f7d6/0x0000f7d6"];
	"0x0000cbcc" -> "0x0000f5cb" [label="fcn.0000f5cb" color="green" URL="fcn.0000f5cb/0x0000f5cb"];
	"0x0000f5cb" [label="fcn.0000f5cb" URL="fcn.0000f5cb/0x0000f5cb"];
	"0x0000cbcc" -> "0x0000f8c7" [label="fcn.0000f8c7" color="green" URL="fcn.0000f8c7/0x0000f8c7"];
	"0x0000f8c7" [label="fcn.0000f8c7" URL="fcn.0000f8c7/0x0000f8c7"];
	"0x0000cbcc" -> "0x0000dbc3" [label="fcn.0000dbc3" color="green" URL="fcn.0000dbc3/0x0000dbc3"];
	"0x0000dbc3" [label="fcn.0000dbc3" URL="fcn.0000dbc3/0x0000dbc3"];
	"0x0000cbcc" -> "0x00000210" [label="fcn.00000210" color="green" URL="fcn.00000210/0x00000210"];
	"0x00000210" [label="fcn.00000210" URL="fcn.00000210/0x00000210"];
	"0x0000cbcc" -> "0x0000fc37" [label="fcn.0000fc37" color="green" URL="fcn.0000fc37/0x0000fc37"];
	"0x0000fc37" [label="fcn.0000fc37" URL="fcn.0000fc37/0x0000fc37"];
}
